<?xml version="1.0" encoding="UTF-8"?>
<!-- Generated by org.testng.reporters.JUnitReportReporter -->
<testsuite hostname="DESKTOP-3NQPI56" name="com.myshopify.tests.TC003_AddProductFromFeatureCollection" tests="8" failures="0" timestamp="27 Apr 2020 19:09:00 GMT" time="19.256" errors="0">
  <testcase name="TestStep02_UserNavigateToFeatureCollection" time="3.244" classname="com.myshopify.tests.TC003_AddProductFromFeatureCollection"/>
  <testcase name="TestStep01_UserSubmitLoginDetails" time="4.474" classname="com.myshopify.tests.TC003_AddProductFromFeatureCollection"/>
  <testcase name="TestStep03_UserAddedTheProduct" time="1.874" classname="com.myshopify.tests.TC003_AddProductFromFeatureCollection"/>
  <testcase name="TestStep01_UserSubmitLoginDetails" time="4.559" classname="com.myshopify.tests.TC003_AddProductFromFeatureCollection"/>
  <testcase name="TestStep03_UserAddedTheProduct" time="2.081" classname="com.myshopify.tests.TC003_AddProductFromFeatureCollection"/>
  <testcase name="TestStep04_VerifyProductIsAddedIntoCart" time="0.152" classname="com.myshopify.tests.TC003_AddProductFromFeatureCollection"/>
  <testcase name="TestStep02_UserNavigateToFeatureCollection" time="2.736" classname="com.myshopify.tests.TC003_AddProductFromFeatureCollection"/>
  <testcase name="TestStep04_VerifyProductIsAddedIntoCart" time="0.136" classname="com.myshopify.tests.TC003_AddProductFromFeatureCollection"/>
</testsuite> <!-- com.myshopify.tests.TC003_AddProductFromFeatureCollection -->
