<?xml version="1.0" encoding="UTF-8"?>
<!-- Generated by org.testng.reporters.JUnitReportReporter -->
<testsuite hostname="DESKTOP-3NQPI56" name="com.myshopify.tests.TC002_AddQuanityAndVerifyPrice" tests="5" failures="0" timestamp="28 Apr 2020 04:22:03 GMT" time="15.364" errors="0">
  <testcase name="TestStep03_UserAddedTheProduct" time="2.883" classname="com.myshopify.tests.TC002_AddQuanityAndVerifyPrice"/>
  <testcase name="TestStep04_VerifyProductIsAddedIntoCart" time="0.124" classname="com.myshopify.tests.TC002_AddQuanityAndVerifyPrice"/>
  <testcase name="TestStep01_UserSubmitLoginDetails" time="4.645" classname="com.myshopify.tests.TC002_AddQuanityAndVerifyPrice"/>
  <testcase name="TestStep05_IncreaseQuantityOfSameProduct" time="4.255" classname="com.myshopify.tests.TC002_AddQuanityAndVerifyPrice"/>
  <testcase name="TestStep02_UserSearchTheProduct" time="3.457" classname="com.myshopify.tests.TC002_AddQuanityAndVerifyPrice"/>
</testsuite> <!-- com.myshopify.tests.TC002_AddQuanityAndVerifyPrice -->
