<?xml version="1.0" encoding="UTF-8"?>
<!-- Generated by org.testng.reporters.JUnitReportReporter -->
<testsuite hostname="DESKTOP-3NQPI56" name="com.myshopify.tests.TC001_SaerchAndAddProductOnCart" tests="4" failures="0" timestamp="27 Apr 2020 18:43:25 GMT" time="10.259" errors="0">
  <testcase name="TestStep03_UserAddedTheProduct" time="2.344" classname="com.myshopify.tests.TC001_SaerchAndAddProductOnCart"/>
  <testcase name="TestStep04_VerifyProductIsAddedIntoCart" time="0.153" classname="com.myshopify.tests.TC001_SaerchAndAddProductOnCart"/>
  <testcase name="TestStep01_UserSubmitLoginDetails" time="4.442" classname="com.myshopify.tests.TC001_SaerchAndAddProductOnCart"/>
  <testcase name="TestStep02_UserSearchTheProduct" time="3.320" classname="com.myshopify.tests.TC001_SaerchAndAddProductOnCart"/>
</testsuite> <!-- com.myshopify.tests.TC001_SaerchAndAddProductOnCart -->
