<?xml version="1.0" encoding="UTF-8"?>
<!-- Generated by org.testng.reporters.JUnitReportReporter -->
<testsuite hostname="DESKTOP-3NQPI56" name="com.myshopify.tests.TC001_SearchAndAddProductOnCart" tests="4" failures="0" timestamp="27 Apr 2020 19:09:00 GMT" time="9.766" errors="0">
  <testcase name="TestStep01_UserSubmitLoginDetails" time="4.433" classname="com.myshopify.tests.TC001_SearchAndAddProductOnCart"/>
  <testcase name="TestStep03_UserAddedTheProduct" time="1.999" classname="com.myshopify.tests.TC001_SearchAndAddProductOnCart"/>
  <testcase name="TestStep04_VerifyProductIsAddedIntoCart" time="0.077" classname="com.myshopify.tests.TC001_SearchAndAddProductOnCart"/>
  <testcase name="TestStep02_UserSearchTheProduct" time="3.257" classname="com.myshopify.tests.TC001_SearchAndAddProductOnCart"/>
</testsuite> <!-- com.myshopify.tests.TC001_SearchAndAddProductOnCart -->
